<?xml version="1.0" encoding="UTF-8"?>
<testng-results ignored="0" total="2" passed="2" failed="0" skipped="0">
  <reporter-output>
  </reporter-output>
  <suite started-at="2023-05-22T06:30:56 IST" name="Default suite" finished-at="2023-05-22T06:30:56 IST" duration-ms="154">
    <groups>
    </groups>
    <test started-at="2023-05-22T06:30:56 IST" name="Default test" finished-at="2023-05-22T06:30:56 IST" duration-ms="154">
      <class name="testNGExample.BeforeAfterTest">
        <test-method is-config="true" signature="beforeTestExample()[pri:0, instance:testNGExample.BeforeAfterTest@7d8995e]" started-at="2023-05-22T06:30:56 IST" name="beforeTestExample" finished-at="2023-05-22T06:30:56 IST" duration-ms="30" status="PASS">
          <reporter-output>
          </reporter-output>
        </test-method> <!-- beforeTestExample -->
        <test-method signature="testPMICreation()[pri:0, instance:testNGExample.BeforeAfterTest@7d8995e]" started-at="2023-05-22T06:30:56 IST" name="testPMICreation" finished-at="2023-05-22T06:30:56 IST" duration-ms="10" status="PASS">
          <reporter-output>
          </reporter-output>
        </test-method> <!-- testPMICreation -->
        <test-method signature="testPMIDeletion()[pri:0, instance:testNGExample.BeforeAfterTest@7d8995e]" started-at="2023-05-22T06:30:56 IST" name="testPMIDeletion" finished-at="2023-05-22T06:30:56 IST" duration-ms="2" status="PASS">
          <reporter-output>
          </reporter-output>
        </test-method> <!-- testPMIDeletion -->
        <test-method is-config="true" signature="afterTestExample()[pri:0, instance:testNGExample.BeforeAfterTest@7d8995e]" started-at="2023-05-22T06:30:56 IST" name="afterTestExample" finished-at="2023-05-22T06:30:56 IST" duration-ms="1" status="PASS">
          <reporter-output>
          </reporter-output>
        </test-method> <!-- afterTestExample -->
      </class> <!-- testNGExample.BeforeAfterTest -->
    </test> <!-- Default test -->
  </suite> <!-- Default suite -->
</testng-results>
